(---------------------------------------------------------------------)
(                                                                     )
(    Auto Silkscreen Log File                                         )
(                                                                     )
(    Drawing          : io_4di_4aic_dbdoctor.brd                      )
(    Software Version : 17.2S007                                      )
(    Date/Time        : Wed Sep 05 21:07:23 2018                      )
(                                                                     )
(---------------------------------------------------------------------)


Generating Auto Silkscreen for both sides of the board.

Copying all elements.

Element to Pad clearance is 0.000
Max Text displacement is 2.540
Min Line Length is 0.000
Allowing 0, 90, 180 and 270 degree text rotations.
Text Allowed Under Components.
Subclass Selections:
 Board Geometry       : Silkscreen
 Component Value      : Silkscreen
 Device Type          : Silkscreen
 Package Geometry     : Silkscreen
 Reference Designator : Silkscreen
 Tolerance            : Silkscreen
 User Part Number     : Silkscreen


     ----- Top Silkscreen -----

Text string 'R24' is not at a suitable location
(location: 61.800, 35.200)
Text string 'C27' is not at a suitable location
(location: 47.000, 54.200)
Text string '30' is not at a suitable location
(location: 52.300, 32.650)

     ----- Bottom Silkscreen -----

Text string 'R14' is not at a suitable location
(location: 22.900, 23.600)
Text string 'C13' is not at a suitable location
(location: 24.600, 24.800)
Text string 'C11' is not at a suitable location
(location: 24.600, 44.600)

Total Failures: 6

Log End

