(---------------------------------------------------------------------)
(                                                                     )
(    NC DRILL Log                                                     )
(                                                                     )
(    Drawing          : io_4di_4aic_dbdoctor.brd                      )
(    Software Version : 17.2P019                                      )
(    Date/Time        : Sat May 19 21:54:10 2018                      )
(                                                                     )
(---------------------------------------------------------------------)



 Processing NC Parameters file 'nc_param.txt' ...

 NC PARAMETERS
 -------------

 FORMAT   		2.5
 MACHINE-OFFSET		x:0.00000	y:0.00000   (mm)
 FEEDRATE		1
 COORDINATES		ABSOLUTE
 OUTPUT-UNITS		METRIC
 TOOL-ORDER		INCREASING
 REPEAT-CODES		YES
 SUPPRESS-LEAD-ZEROES	NO
 SUPPRESS-TRAIL-ZEROES	NO
 SUPPRESS-EQUAL		NO
 TOOL-SELECT		NO
 HEADER			none
 LEADER			12
 CODE			ASCII
 SEPARATE		NO
 SEPARATE-ROUTING	NO
 OPTIMIZE_DRILLING	NO
 ENHANCED_EXCELLON	NO
 SCALE			1.000000



 Drill files being output to directory 'G:/Work/io/design/pcb' ...



     'io_4di_4aic_dbdoctor-1-2.drl' created for holes connecting TOP and BOTTOM
     --------------------------------------------------------------------------

           Num     Size      +/- Tolerance     Plating   Quantity

            1.   0.3000    0.0000/  0.0000      PLATED        140
            2.   0.5000    0.0000/  0.0000      PLATED          3
            3.   0.8000    0.0000/  0.0000      PLATED         24
            4.   1.0000    0.0000/  0.0000      PLATED         15
            5.   1.6000    0.0000/  0.0000      PLATED         18
            6.   0.6000    0.0000/  0.0000  NON_PLATED          2
            7.   1.6000    0.0000/  0.0000  NON_PLATED          4
            8.   3.2000    0.0000/  0.0000  NON_PLATED          4

     ---- Total holes:                                        210

     ---- Total head travel:              8.45 feet (2.58 meters)

